<?xml version="1.0" encoding="UTF-8"?>
<testsuite name="pl.demo.github.model.mapper.GithubRestClientMapperTest" tests="1" skipped="0" failures="0" errors="0" timestamp="2020-09-25T09:57:29" hostname="DESKTOP-7C6NHVI" time="0.003">
  <properties/>
  <testcase name="shouldMapGithubRepositoryDetailsToRepositoryDetails()" classname="pl.demo.github.model.mapper.GithubRestClientMapperTest" time="0.003"/>
  <system-out><![CDATA[]]></system-out>
  <system-err><![CDATA[]]></system-err>
</testsuite>
