<?xml version="1.0" encoding="UTF-8"?>
<testsuite name="pl.demo.github.controller.RepositoryControllerTest" tests="2" skipped="0" failures="0" errors="0" timestamp="2020-09-25T09:46:00" hostname="DESKTOP-7C6NHVI" time="0.104">
  <properties/>
  <testcase name="shouldReturnNotFoundStatusWhenGithubReturns404()" classname="pl.demo.github.controller.RepositoryControllerTest" time="0.064"/>
  <testcase name="shouldReturnRepositoryDetails()" classname="pl.demo.github.controller.RepositoryControllerTest" time="0.038"/>
  <system-out><![CDATA[2020-09-25 11:45:59.700  INFO 1604 --- [    Test worker] .b.t.c.SpringBootTestContextBootstrapper : Neither @ContextConfiguration nor @ContextHierarchy found for test class [pl.demo.github.controller.RepositoryControllerTest], using SpringBootContextLoader
2020-09-25 11:45:59.701  INFO 1604 --- [    Test worker] o.s.t.c.support.AbstractContextLoader    : Could not detect default resource locations for test class [pl.demo.github.controller.RepositoryControllerTest]: no resource found for suffixes {-context.xml, Context.groovy}.
2020-09-25 11:45:59.702  INFO 1604 --- [    Test worker] t.c.s.AnnotationConfigContextLoaderUtils : Could not detect default configuration classes for test class [pl.demo.github.controller.RepositoryControllerTest]: RepositoryControllerTest does not declare any static, non-private, non-final, nested classes annotated with @Configuration.
2020-09-25 11:45:59.716  INFO 1604 --- [    Test worker] .b.t.c.SpringBootTestContextBootstrapper : Found @SpringBootConfiguration pl.demo.github.Application for test class pl.demo.github.controller.RepositoryControllerTest
2020-09-25 11:45:59.717  INFO 1604 --- [    Test worker] .b.t.c.SpringBootTestContextBootstrapper : Loaded default TestExecutionListener class names from location [META-INF/spring.factories]: [org.springframework.boot.test.autoconfigure.restdocs.RestDocsTestExecutionListener, org.springframework.boot.test.autoconfigure.web.client.MockRestServiceServerResetTestExecutionListener, org.springframework.boot.test.autoconfigure.web.servlet.MockMvcPrintOnlyOnFailureTestExecutionListener, org.springframework.boot.test.autoconfigure.web.servlet.WebDriverTestExecutionListener, org.springframework.boot.test.autoconfigure.webservices.client.MockWebServiceServerTestExecutionListener, org.springframework.boot.test.mock.mockito.MockitoTestExecutionListener, org.springframework.boot.test.mock.mockito.ResetMocksTestExecutionListener, org.springframework.test.context.web.ServletTestExecutionListener, org.springframework.test.context.support.DirtiesContextBeforeModesTestExecutionListener, org.springframework.test.context.support.DependencyInjectionTestExecutionListener, org.springframework.test.context.support.DirtiesContextTestExecutionListener, org.springframework.test.context.transaction.TransactionalTestExecutionListener, org.springframework.test.context.jdbc.SqlScriptsTestExecutionListener, org.springframework.test.context.event.EventPublishingTestExecutionListener]
2020-09-25 11:45:59.719  INFO 1604 --- [    Test worker] .b.t.c.SpringBootTestContextBootstrapper : Using TestExecutionListeners: [org.springframework.test.context.web.ServletTestExecutionListener@777cb665, org.springframework.test.context.support.DirtiesContextBeforeModesTestExecutionListener@b0d6776, org.springframework.boot.test.mock.mockito.MockitoTestExecutionListener@7bffbef7, org.springframework.boot.test.autoconfigure.SpringBootDependencyInjectionTestExecutionListener@4c1354cb, org.springframework.test.context.support.DirtiesContextTestExecutionListener@5ece1cb2, org.springframework.test.context.event.EventPublishingTestExecutionListener@3e98e6ca, org.springframework.boot.test.autoconfigure.restdocs.RestDocsTestExecutionListener@3896ffe8, org.springframework.boot.test.autoconfigure.web.client.MockRestServiceServerResetTestExecutionListener@6e75513d, org.springframework.boot.test.autoconfigure.web.servlet.MockMvcPrintOnlyOnFailureTestExecutionListener@40f0ebcd, org.springframework.boot.test.autoconfigure.web.servlet.WebDriverTestExecutionListener@3927fbaf, org.springframework.boot.test.autoconfigure.webservices.client.MockWebServiceServerTestExecutionListener@36412adc, org.springframework.boot.test.mock.mockito.ResetMocksTestExecutionListener@72f96990]

  .   ____          _            __ _ _
 /\\ / ___'_ __ _ _(_)_ __  __ _ \ \ \ \
( ( )\___ | '_ | '_| | '_ \/ _` | \ \ \ \
 \\/  ___)| |_)| | | | | || (_| |  ) ) ) )
  '  |____| .__|_| |_|_| |_\__, | / / / /
 =========|_|==============|___/=/_/_/_/
 :: Spring Boot ::        (v2.3.1.RELEASE)

2020-09-25 11:45:59.756  INFO 1604 --- [    Test worker] p.d.g.c.RepositoryControllerTest         : Starting RepositoryControllerTest on DESKTOP-7C6NHVI with PID 1604 (started by basia in C:\Users\basia\IdeaProjects\RESTGithub)
2020-09-25 11:45:59.756  INFO 1604 --- [    Test worker] p.d.g.c.RepositoryControllerTest         : No active profile set, falling back to default profiles: default
2020-09-25 11:46:00.545  INFO 1604 --- [    Test worker] o.s.s.concurrent.ThreadPoolTaskExecutor  : Initializing ExecutorService 'applicationTaskExecutor'
2020-09-25 11:46:00.826  INFO 1604 --- [    Test worker] o.s.b.t.m.w.SpringBootMockServletContext : Initializing Spring TestDispatcherServlet ''
2020-09-25 11:46:00.826  INFO 1604 --- [    Test worker] o.s.t.web.servlet.TestDispatcherServlet  : Initializing Servlet ''
2020-09-25 11:46:00.829  INFO 1604 --- [    Test worker] o.s.t.web.servlet.TestDispatcherServlet  : Completed initialization in 3 ms
2020-09-25 11:46:00.840  INFO 1604 --- [    Test worker] p.d.g.c.RepositoryControllerTest         : Started RepositoryControllerTest in 1.115 seconds (JVM running for 8.782)
]]></system-out>
  <system-err><![CDATA[]]></system-err>
</testsuite>
