<?xml version="1.0" encoding="UTF-8"?>
<testsuite name="pl.demo.github.model.mapper.GithubRestClientMapperTest" tests="1" skipped="0" failures="0" errors="0" timestamp="2020-09-25T09:46:00" hostname="DESKTOP-7C6NHVI" time="0.004">
  <properties/>
  <testcase name="shouldMapGithubRepositoryDetailsToRepositoryDetails()" classname="pl.demo.github.model.mapper.GithubRestClientMapperTest" time="0.004"/>
  <system-out><![CDATA[]]></system-out>
  <system-err><![CDATA[]]></system-err>
</testsuite>
