<?xml version="1.0" encoding="UTF-8"?>
<testsuite name="pl.demo.github.ApplicationIntegrationTests" tests="1" skipped="0" failures="0" errors="0" timestamp="2020-09-25T09:45:56" hostname="DESKTOP-7C6NHVI" time="2.893">
  <properties/>
  <testcase name="shouldReturnRepositoryDetails()" classname="pl.demo.github.ApplicationIntegrationTests" time="2.893"/>
  <system-out><![CDATA[11:45:53.596 [Test worker] DEBUG org.springframework.test.context.BootstrapUtils - Instantiating CacheAwareContextLoaderDelegate from class [org.springframework.test.context.cache.DefaultCacheAwareContextLoaderDelegate]
11:45:53.612 [Test worker] DEBUG org.springframework.test.context.BootstrapUtils - Instantiating BootstrapContext using constructor [public org.springframework.test.context.support.DefaultBootstrapContext(java.lang.Class,org.springframework.test.context.CacheAwareContextLoaderDelegate)]
11:45:53.649 [Test worker] DEBUG org.springframework.test.context.BootstrapUtils - Instantiating TestContextBootstrapper for test class [pl.demo.github.ApplicationIntegrationTests] from class [org.springframework.boot.test.context.SpringBootTestContextBootstrapper]
11:45:53.666 [Test worker] INFO org.springframework.boot.test.context.SpringBootTestContextBootstrapper - Neither @ContextConfiguration nor @ContextHierarchy found for test class [pl.demo.github.ApplicationIntegrationTests], using SpringBootContextLoader
11:45:53.670 [Test worker] DEBUG org.springframework.test.context.support.AbstractContextLoader - Did not detect default resource location for test class [pl.demo.github.ApplicationIntegrationTests]: class path resource [pl/demo/github/ApplicationIntegrationTests-context.xml] does not exist
11:45:53.671 [Test worker] DEBUG org.springframework.test.context.support.AbstractContextLoader - Did not detect default resource location for test class [pl.demo.github.ApplicationIntegrationTests]: class path resource [pl/demo/github/ApplicationIntegrationTestsContext.groovy] does not exist
11:45:53.671 [Test worker] INFO org.springframework.test.context.support.AbstractContextLoader - Could not detect default resource locations for test class [pl.demo.github.ApplicationIntegrationTests]: no resource found for suffixes {-context.xml, Context.groovy}.
11:45:53.672 [Test worker] INFO org.springframework.test.context.support.AnnotationConfigContextLoaderUtils - Could not detect default configuration classes for test class [pl.demo.github.ApplicationIntegrationTests]: ApplicationIntegrationTests does not declare any static, non-private, non-final, nested classes annotated with @Configuration.
11:45:53.714 [Test worker] DEBUG org.springframework.test.context.support.ActiveProfilesUtils - Could not find an 'annotation declaring class' for annotation type [org.springframework.test.context.ActiveProfiles] and class [pl.demo.github.ApplicationIntegrationTests]
11:45:53.787 [Test worker] DEBUG org.springframework.context.annotation.ClassPathScanningCandidateComponentProvider - Identified candidate component class: file [C:\Users\basia\IdeaProjects\RESTGithub\build\classes\java\main\pl\demo\github\Application.class]
11:45:53.788 [Test worker] INFO org.springframework.boot.test.context.SpringBootTestContextBootstrapper - Found @SpringBootConfiguration pl.demo.github.Application for test class pl.demo.github.ApplicationIntegrationTests
11:45:53.907 [Test worker] DEBUG org.springframework.boot.test.context.SpringBootTestContextBootstrapper - @TestExecutionListeners is not present for class [pl.demo.github.ApplicationIntegrationTests]: using defaults.
11:45:53.908 [Test worker] INFO org.springframework.boot.test.context.SpringBootTestContextBootstrapper - Loaded default TestExecutionListener class names from location [META-INF/spring.factories]: [org.springframework.boot.test.autoconfigure.restdocs.RestDocsTestExecutionListener, org.springframework.boot.test.autoconfigure.web.client.MockRestServiceServerResetTestExecutionListener, org.springframework.boot.test.autoconfigure.web.servlet.MockMvcPrintOnlyOnFailureTestExecutionListener, org.springframework.boot.test.autoconfigure.web.servlet.WebDriverTestExecutionListener, org.springframework.boot.test.autoconfigure.webservices.client.MockWebServiceServerTestExecutionListener, org.springframework.boot.test.mock.mockito.MockitoTestExecutionListener, org.springframework.boot.test.mock.mockito.ResetMocksTestExecutionListener, org.springframework.test.context.web.ServletTestExecutionListener, org.springframework.test.context.support.DirtiesContextBeforeModesTestExecutionListener, org.springframework.test.context.support.DependencyInjectionTestExecutionListener, org.springframework.test.context.support.DirtiesContextTestExecutionListener, org.springframework.test.context.transaction.TransactionalTestExecutionListener, org.springframework.test.context.jdbc.SqlScriptsTestExecutionListener, org.springframework.test.context.event.EventPublishingTestExecutionListener]
11:45:53.923 [Test worker] DEBUG org.springframework.boot.test.context.SpringBootTestContextBootstrapper - Skipping candidate TestExecutionListener [org.springframework.test.context.transaction.TransactionalTestExecutionListener] due to a missing dependency. Specify custom listener classes or make the default listener classes and their required dependencies available. Offending class: [org/springframework/transaction/interceptor/TransactionAttributeSource]
11:45:53.924 [Test worker] DEBUG org.springframework.boot.test.context.SpringBootTestContextBootstrapper - Skipping candidate TestExecutionListener [org.springframework.test.context.jdbc.SqlScriptsTestExecutionListener] due to a missing dependency. Specify custom listener classes or make the default listener classes and their required dependencies available. Offending class: [org/springframework/transaction/interceptor/TransactionAttribute]
11:45:53.924 [Test worker] INFO org.springframework.boot.test.context.SpringBootTestContextBootstrapper - Using TestExecutionListeners: [org.springframework.test.context.web.ServletTestExecutionListener@3a98345c, org.springframework.test.context.support.DirtiesContextBeforeModesTestExecutionListener@9805f33, org.springframework.boot.test.mock.mockito.MockitoTestExecutionListener@7b9bad16, org.springframework.boot.test.autoconfigure.SpringBootDependencyInjectionTestExecutionListener@6b222f0f, org.springframework.test.context.support.DirtiesContextTestExecutionListener@10e3dce3, org.springframework.test.context.event.EventPublishingTestExecutionListener@1b11600b, org.springframework.boot.test.autoconfigure.restdocs.RestDocsTestExecutionListener@3dc49d62, org.springframework.boot.test.autoconfigure.web.client.MockRestServiceServerResetTestExecutionListener@47648782, org.springframework.boot.test.autoconfigure.web.servlet.MockMvcPrintOnlyOnFailureTestExecutionListener@496e4f49, org.springframework.boot.test.autoconfigure.web.servlet.WebDriverTestExecutionListener@596f6f57, org.springframework.boot.test.autoconfigure.webservices.client.MockWebServiceServerTestExecutionListener@40d9c695, org.springframework.boot.test.mock.mockito.ResetMocksTestExecutionListener@23e2119b]
11:45:53.929 [Test worker] DEBUG org.springframework.test.context.support.AbstractDirtiesContextTestExecutionListener - Before test class: context [DefaultTestContext@7dde761 testClass = ApplicationIntegrationTests, testInstance = [null], testMethod = [null], testException = [null], mergedContextConfiguration = [WebMergedContextConfiguration@1545b379 testClass = ApplicationIntegrationTests, locations = '{}', classes = '{class pl.demo.github.Application}', contextInitializerClasses = '[]', activeProfiles = '{}', propertySourceLocations = '{}', propertySourceProperties = '{org.springframework.boot.test.context.SpringBootTestContextBootstrapper=true, server.port=0}', contextCustomizers = set[org.springframework.boot.test.autoconfigure.properties.PropertyMappingContextCustomizer@0, org.springframework.boot.test.autoconfigure.web.servlet.WebDriverContextCustomizerFactory$Customizer@2a895371, org.springframework.boot.test.context.filter.ExcludeFilterContextCustomizer@7c6ee932, org.springframework.boot.test.json.DuplicateJsonObjectContextCustomizerFactory$DuplicateJsonObjectContextCustomizer@def289f, org.springframework.boot.test.mock.mockito.MockitoContextCustomizer@0, org.springframework.boot.test.web.client.TestRestTemplateContextCustomizer@6c12f2a7, org.springframework.boot.test.context.SpringBootTestArgs@1], resourceBasePath = 'src/main/webapp', contextLoader = 'org.springframework.boot.test.context.SpringBootContextLoader', parent = [null]], attributes = map['org.springframework.test.context.web.ServletTestExecutionListener.activateListener' -> false]], class annotated with @DirtiesContext [false] with mode [null].
11:45:53.945 [Test worker] DEBUG org.springframework.test.context.support.DependencyInjectionTestExecutionListener - Performing dependency injection for test context [[DefaultTestContext@7dde761 testClass = ApplicationIntegrationTests, testInstance = pl.demo.github.ApplicationIntegrationTests@6fd2d655, testMethod = [null], testException = [null], mergedContextConfiguration = [WebMergedContextConfiguration@1545b379 testClass = ApplicationIntegrationTests, locations = '{}', classes = '{class pl.demo.github.Application}', contextInitializerClasses = '[]', activeProfiles = '{}', propertySourceLocations = '{}', propertySourceProperties = '{org.springframework.boot.test.context.SpringBootTestContextBootstrapper=true, server.port=0}', contextCustomizers = set[org.springframework.boot.test.autoconfigure.properties.PropertyMappingContextCustomizer@0, org.springframework.boot.test.autoconfigure.web.servlet.WebDriverContextCustomizerFactory$Customizer@2a895371, org.springframework.boot.test.context.filter.ExcludeFilterContextCustomizer@7c6ee932, org.springframework.boot.test.json.DuplicateJsonObjectContextCustomizerFactory$DuplicateJsonObjectContextCustomizer@def289f, org.springframework.boot.test.mock.mockito.MockitoContextCustomizer@0, org.springframework.boot.test.web.client.TestRestTemplateContextCustomizer@6c12f2a7, org.springframework.boot.test.context.SpringBootTestArgs@1], resourceBasePath = 'src/main/webapp', contextLoader = 'org.springframework.boot.test.context.SpringBootContextLoader', parent = [null]], attributes = map['org.springframework.test.context.web.ServletTestExecutionListener.activateListener' -> false]]].
11:45:53.969 [Test worker] DEBUG org.springframework.test.context.support.TestPropertySourceUtils - Adding inlined properties to environment: {spring.jmx.enabled=false, org.springframework.boot.test.context.SpringBootTestContextBootstrapper=true, server.port=0}

  .   ____          _            __ _ _
 /\\ / ___'_ __ _ _(_)_ __  __ _ \ \ \ \
( ( )\___ | '_ | '_| | '_ \/ _` | \ \ \ \
 \\/  ___)| |_)| | | | | || (_| |  ) ) ) )
  '  |____| .__|_| |_|_| |_\__, | / / / /
 =========|_|==============|___/=/_/_/_/
 :: Spring Boot ::        (v2.3.1.RELEASE)

2020-09-25 11:45:54.415  INFO 1604 --- [    Test worker] p.d.github.ApplicationIntegrationTests   : Starting ApplicationIntegrationTests on DESKTOP-7C6NHVI with PID 1604 (started by basia in C:\Users\basia\IdeaProjects\RESTGithub)
2020-09-25 11:45:54.418  INFO 1604 --- [    Test worker] p.d.github.ApplicationIntegrationTests   : No active profile set, falling back to default profiles: default
2020-09-25 11:45:55.757  INFO 1604 --- [    Test worker] o.s.b.w.embedded.tomcat.TomcatWebServer  : Tomcat initialized with port(s): 0 (http)
2020-09-25 11:45:55.771  INFO 1604 --- [    Test worker] o.apache.catalina.core.StandardService   : Starting service [Tomcat]
2020-09-25 11:45:55.771  INFO 1604 --- [    Test worker] org.apache.catalina.core.StandardEngine  : Starting Servlet engine: [Apache Tomcat/9.0.36]
2020-09-25 11:45:55.912  INFO 1604 --- [    Test worker] o.a.c.c.C.[Tomcat].[localhost].[/]       : Initializing Spring embedded WebApplicationContext
2020-09-25 11:45:55.913  INFO 1604 --- [    Test worker] w.s.c.ServletWebServerApplicationContext : Root WebApplicationContext: initialization completed in 1461 ms
2020-09-25 11:45:56.380  INFO 1604 --- [    Test worker] o.s.s.concurrent.ThreadPoolTaskExecutor  : Initializing ExecutorService 'applicationTaskExecutor'
2020-09-25 11:45:56.776  INFO 1604 --- [    Test worker] o.s.b.w.embedded.tomcat.TomcatWebServer  : Tomcat started on port(s): 61768 (http) with context path ''
2020-09-25 11:45:56.788  INFO 1604 --- [    Test worker] p.d.github.ApplicationIntegrationTests   : Started ApplicationIntegrationTests in 2.816 seconds (JVM running for 4.731)
2020-09-25 11:45:57.800  INFO 1604 --- [    Test worker] wiremock.org.eclipse.jetty.util.log      : Logging initialized @5741ms
2020-09-25 11:45:57.949  INFO 1604 --- [    Test worker] w.org.eclipse.jetty.server.Server        : jetty-9.2.z-SNAPSHOT
2020-09-25 11:45:57.970  INFO 1604 --- [    Test worker] w.o.e.j.server.handler.ContextHandler    : Started w.o.e.j.s.ServletContextHandler@3e0e35c3{/__admin,null,AVAILABLE}
2020-09-25 11:45:57.971  INFO 1604 --- [    Test worker] w.o.e.j.server.handler.ContextHandler    : Started w.o.e.j.s.ServletContextHandler@4552832e{/,null,AVAILABLE}
2020-09-25 11:45:57.984  INFO 1604 --- [    Test worker] w.o.e.j.s.NetworkTrafficServerConnector  : Started NetworkTrafficServerConnector@1b4a70f9{HTTP/1.1}{0.0.0.0:8080}
2020-09-25 11:45:57.985  INFO 1604 --- [    Test worker] w.org.eclipse.jetty.server.Server        : Started @5927ms
2020-09-25 11:45:58.521  INFO 1604 --- [p1484030059-142] /__admin                                 : RequestHandlerClass from context returned com.github.tomakehurst.wiremock.http.AdminRequestHandler. Normalized mapped under returned 'null'
2020-09-25 11:45:58.940  INFO 1604 --- [o-auto-1-exec-1] o.a.c.c.C.[Tomcat].[localhost].[/]       : Initializing Spring DispatcherServlet 'dispatcherServlet'
2020-09-25 11:45:58.941  INFO 1604 --- [o-auto-1-exec-1] o.s.web.servlet.DispatcherServlet        : Initializing Servlet 'dispatcherServlet'
2020-09-25 11:45:58.982  INFO 1604 --- [o-auto-1-exec-1] o.s.web.servlet.DispatcherServlet        : Completed initialization in 41 ms
2020-09-25 11:45:59.679  INFO 1604 --- [    Test worker] w.o.e.j.s.NetworkTrafficServerConnector  : Stopped NetworkTrafficServerConnector@1b4a70f9{HTTP/1.1}{0.0.0.0:8080}
2020-09-25 11:45:59.680  INFO 1604 --- [    Test worker] w.o.e.j.server.handler.ContextHandler    : Stopped w.o.e.j.s.ServletContextHandler@4552832e{/,null,UNAVAILABLE}
2020-09-25 11:45:59.681  INFO 1604 --- [    Test worker] w.o.e.j.server.handler.ContextHandler    : Stopped w.o.e.j.s.ServletContextHandler@3e0e35c3{/__admin,null,UNAVAILABLE}
]]></system-out>
  <system-err><![CDATA[]]></system-err>
</testsuite>
